0 info it worked if it ends with ok
1 verbose cli [ '/Users/v719847/.nvm/versions/node/v4.6.1/bin/node',
1 verbose cli   '/Users/v719847/.nvm/versions/node/v4.6.1/bin/npm',
1 verbose cli   'run',
1 verbose cli   'commit' ]
2 info using npm@3.10.9
3 info using node@v4.6.1
4 verbose run-script [ 'precommit', 'commit', 'postcommit' ]
5 info lifecycle @vgvenkat/micro-lib@0.0.0-semantically-released~precommit: @vgvenkat/micro-lib@0.0.0-semantically-released
6 silly lifecycle @vgvenkat/micro-lib@0.0.0-semantically-released~precommit: no script for precommit, continuing
7 info lifecycle @vgvenkat/micro-lib@0.0.0-semantically-released~commit: @vgvenkat/micro-lib@0.0.0-semantically-released
8 verbose lifecycle @vgvenkat/micro-lib@0.0.0-semantically-released~commit: unsafe-perm in lifecycle true
9 verbose lifecycle @vgvenkat/micro-lib@0.0.0-semantically-released~commit: PATH: /Users/v719847/.nvm/versions/node/v4.6.1/lib/node_modules/npm/bin/node-gyp-bin:/Users/v719847/Verizon Dev Projects/micro-lib/node_modules/.bin:/usr/local/homebrew/bin:/Users/v719847/homebrew/bin:/Users/v719847/.nvm/versions/node/v4.6.1/bin:/usr/local/bin:/usr/bin:/bin:/usr/sbin:/sbin
10 verbose lifecycle @vgvenkat/micro-lib@0.0.0-semantically-released~commit: CWD: /Users/v719847/Verizon Dev Projects/micro-lib
11 silly lifecycle @vgvenkat/micro-lib@0.0.0-semantically-released~commit: Args: [ '-c', 'git-cz' ]
12 silly lifecycle @vgvenkat/micro-lib@0.0.0-semantically-released~commit: Returned: code: 1  signal: null
13 info lifecycle @vgvenkat/micro-lib@0.0.0-semantically-released~commit: Failed to exec commit script
14 verbose stack Error: @vgvenkat/micro-lib@0.0.0-semantically-released commit: `git-cz`
14 verbose stack Exit status 1
14 verbose stack     at EventEmitter.<anonymous> (/Users/v719847/.nvm/versions/node/v4.6.1/lib/node_modules/npm/lib/utils/lifecycle.js:255:16)
14 verbose stack     at emitTwo (events.js:87:13)
14 verbose stack     at EventEmitter.emit (events.js:172:7)
14 verbose stack     at ChildProcess.<anonymous> (/Users/v719847/.nvm/versions/node/v4.6.1/lib/node_modules/npm/lib/utils/spawn.js:40:14)
14 verbose stack     at emitTwo (events.js:87:13)
14 verbose stack     at ChildProcess.emit (events.js:172:7)
14 verbose stack     at maybeClose (internal/child_process.js:829:16)
14 verbose stack     at Process.ChildProcess._handle.onexit (internal/child_process.js:211:5)
15 verbose pkgid @vgvenkat/micro-lib@0.0.0-semantically-released
16 verbose cwd /Users/v719847/Verizon Dev Projects/micro-lib
17 error Darwin 14.5.0
18 error argv "/Users/v719847/.nvm/versions/node/v4.6.1/bin/node" "/Users/v719847/.nvm/versions/node/v4.6.1/bin/npm" "run" "commit"
19 error node v4.6.1
20 error npm  v3.10.9
21 error code ELIFECYCLE
22 error @vgvenkat/micro-lib@0.0.0-semantically-released commit: `git-cz`
22 error Exit status 1
23 error Failed at the @vgvenkat/micro-lib@0.0.0-semantically-released commit script 'git-cz'.
23 error Make sure you have the latest version of node.js and npm installed.
23 error If you do, this is most likely a problem with the @vgvenkat/micro-lib package,
23 error not with npm itself.
23 error Tell the author that this fails on your system:
23 error     git-cz
23 error You can get information on how to open an issue for this project with:
23 error     npm bugs @vgvenkat/micro-lib
23 error Or if that isn't available, you can get their info via:
23 error     npm owner ls @vgvenkat/micro-lib
23 error There is likely additional logging output above.
24 verbose exit [ 1, true ]
